<?xml version="1.0" encoding="UTF-8"?>
<testng-results skipped="0" failed="0" ignored="0" total="1" passed="1">
  <reporter-output>
  </reporter-output>
  <suite name="Default suite" duration-ms="25519" started-at="2021-07-26T00:49:24 IST" finished-at="2021-07-26T00:49:50 IST">
    <groups>
    </groups>
    <test name="Default test" duration-ms="25519" started-at="2021-07-26T00:49:24 IST" finished-at="2021-07-26T00:49:50 IST">
      <class name="testScenarios.TS02_Market_Tab_Scenarios">
        <test-method status="PASS" signature="TC01_CoinDCX_Market_Tab_Validation()[pri:0, instance:testScenarios.TS02_Market_Tab_Scenarios@1a8a8f7c]" name="TC01_CoinDCX_Market_Tab_Validation" duration-ms="25453" started-at="2021-07-26T00:49:24 IST" finished-at="2021-07-26T00:49:50 IST">
          <reporter-output>
          </reporter-output>
        </test-method> <!-- TC01_CoinDCX_Market_Tab_Validation -->
      </class> <!-- testScenarios.TS02_Market_Tab_Scenarios -->
    </test> <!-- Default test -->
  </suite> <!-- Default suite -->
</testng-results>
